<?xml version="1.0" encoding="UTF-8"?><testrun name="TestRun" project="BDD_Cucumber" tests="1" started="1" failures="0" errors="2" ignored="0">
  <testsuite name="tests.TestRun" time="0.151" uniqueid="[engine:junit-vintage]/[runner:tests.TestRun]">
    <testsuite name="Feature: BabyPlus" time="0.151" uniqueid="[engine:junit-vintage]/[runner:tests.TestRun]/[test:rO0ABXNyAB9naGVya2luLmZvcm1hdHRlci5tb2RlbC5GZWF0dXJlAAAAAAAAAAECAAB4cgAkZ2hlcmtpbi5mb3JtYXR0ZXIubW9kZWwuVGFnU3RhdGVtZW50AAAAAAAAAAECAAJMAAJpZHQAEkxqYXZhL2xhbmcvU3RyaW5nO0wABHRhZ3N0ABBMamF2YS91dGlsL0xpc3Q7eHIAKmdoZXJraW4uZm9ybWF0dGVyLm1vZGVsLkRlc2NyaWJlZFN0YXRlbWVudInoQ7yJkLCFAgABTAALZGVzY3JpcHRpb25xAH4AAnhyACZnaGVya2luLmZvcm1hdHRlci5tb2RlbC5CYXNpY1N0YXRlbWVudPM3wIsDVBUvAgAETAAIY29tbWVudHNxAH4AA0wAB2tleXdvcmRxAH4AAkwABGxpbmV0ABNMamF2YS9sYW5nL0ludGVnZXI7TAAEbmFtZXEAfgACeHIAGmdoZXJraW4uZm9ybWF0dGVyLk1hcHBhYmxl42CLFPnowjUCAAB4cHNyABNqYXZhLnV0aWwuQXJyYXlMaXN0eIHSHZnHYZ0DAAFJAARzaXpleHAAAAAAdwQAAAAAeHQAB0ZlYXR1cmVzcgARamF2YS5sYW5nLkludGVnZXIS4qCk94GHOAIAAUkABXZhbHVleHIAEGphdmEubGFuZy5OdW1iZXKGrJUdC5TgiwIAAHhwAAAAA3QACEJhYnlQbHVzdAAvSSB3YW50IHRvIHVzZSB0aGlzIHRlbXBsYXRlIGZvciBteSBmZWF0dXJlIGZpbGV0AAhiYWJ5cGx1c3NxAH4ACQAAAAB3BAAAAAB4]">
      <testsuite name="Scenario: Launch" time="0.151" incomplete="true" uniqueid="[engine:junit-vintage]/[runner:tests.TestRun]/[test:rO0ABXNyAB9naGVya2luLmZvcm1hdHRlci5tb2RlbC5GZWF0dXJlAAAAAAAAAAECAAB4cgAkZ2hlcmtpbi5mb3JtYXR0ZXIubW9kZWwuVGFnU3RhdGVtZW50AAAAAAAAAAECAAJMAAJpZHQAEkxqYXZhL2xhbmcvU3RyaW5nO0wABHRhZ3N0ABBMamF2YS91dGlsL0xpc3Q7eHIAKmdoZXJraW4uZm9ybWF0dGVyLm1vZGVsLkRlc2NyaWJlZFN0YXRlbWVudInoQ7yJkLCFAgABTAALZGVzY3JpcHRpb25xAH4AAnhyACZnaGVya2luLmZvcm1hdHRlci5tb2RlbC5CYXNpY1N0YXRlbWVudPM3wIsDVBUvAgAETAAIY29tbWVudHNxAH4AA0wAB2tleXdvcmRxAH4AAkwABGxpbmV0ABNMamF2YS9sYW5nL0ludGVnZXI7TAAEbmFtZXEAfgACeHIAGmdoZXJraW4uZm9ybWF0dGVyLk1hcHBhYmxl42CLFPnowjUCAAB4cHNyABNqYXZhLnV0aWwuQXJyYXlMaXN0eIHSHZnHYZ0DAAFJAARzaXpleHAAAAAAdwQAAAAAeHQAB0ZlYXR1cmVzcgARamF2YS5sYW5nLkludGVnZXIS4qCk94GHOAIAAUkABXZhbHVleHIAEGphdmEubGFuZy5OdW1iZXKGrJUdC5TgiwIAAHhwAAAAA3QACEJhYnlQbHVzdAAvSSB3YW50IHRvIHVzZSB0aGlzIHRlbXBsYXRlIGZvciBteSBmZWF0dXJlIGZpbGV0AAhiYWJ5cGx1c3NxAH4ACQAAAAB3BAAAAAB4]/[test:rO0ABXNyACBnaGVya2luLmZvcm1hdHRlci5tb2RlbC5TY2VuYXJpbwAAAAAAAAABAgABTAAEdHlwZXQAEkxqYXZhL2xhbmcvU3RyaW5nO3hyACRnaGVya2luLmZvcm1hdHRlci5tb2RlbC5UYWdTdGF0ZW1lbnQAAAAAAAAAAQIAAkwAAmlkcQB%2BAAFMAAR0YWdzdAAQTGphdmEvdXRpbC9MaXN0O3hyACpnaGVya2luLmZvcm1hdHRlci5tb2RlbC5EZXNjcmliZWRTdGF0ZW1lbnSJ6EO8iZCwhQIAAUwAC2Rlc2NyaXB0aW9ucQB%2BAAF4cgAmZ2hlcmtpbi5mb3JtYXR0ZXIubW9kZWwuQmFzaWNTdGF0ZW1lbnTzN8CLA1QVLwIABEwACGNvbW1lbnRzcQB%2BAANMAAdrZXl3b3JkcQB%2BAAFMAARsaW5ldAATTGphdmEvbGFuZy9JbnRlZ2VyO0wABG5hbWVxAH4AAXhyABpnaGVya2luLmZvcm1hdHRlci5NYXBwYWJsZeNgixT56MI1AgAAeHBzcgATamF2YS51dGlsLkFycmF5TGlzdHiB0h2Zx2GdAwABSQAEc2l6ZXhwAAAAAHcEAAAAAHh0AAhTY2VuYXJpb3NyABFqYXZhLmxhbmcuSW50ZWdlchLioKT3gYc4AgABSQAFdmFsdWV4cgAQamF2YS5sYW5nLk51bWJlcoaslR0LlOCLAgAAeHAAAAAGdAAGTGF1bmNodAAAdAAPYmFieXBsdXM7bGF1bmNoc3EAfgAJAAAAAHcEAAAAAHh0AAhzY2VuYXJpbw==]">
        <error>java.lang.NoClassDefFoundError: org/openqa/selenium/remote/internal/ApacheHttpClient$Factory&#13;
	at io.appium.java_client.remote.AppiumCommandExecutor.&lt;init&gt;(AppiumCommandExecutor.java:55)&#13;
	at io.appium.java_client.AppiumDriver.&lt;init&gt;(AppiumDriver.java:131)&#13;
	at io.appium.java_client.android.AndroidDriver.&lt;init&gt;(AndroidDriver.java:97)&#13;
	at stepdefinition.TestSteps.i_want_to_launch_BabyPlus_app(TestSteps.java:24)&#13;
	at ✽.Given I want to launch BabyPlus app(BabyPlus.feature:7)&#13;
Caused by: java.lang.ClassNotFoundException: org.openqa.selenium.remote.internal.ApacheHttpClient$Factory&#13;
	at java.net.URLClassLoader.findClass(URLClassLoader.java:381)&#13;
	at java.lang.ClassLoader.loadClass(ClassLoader.java:424)&#13;
	at sun.misc.Launcher$AppClassLoader.loadClass(Launcher.java:331)&#13;
	at java.lang.ClassLoader.loadClass(ClassLoader.java:357)&#13;
	at io.appium.java_client.remote.AppiumCommandExecutor.&lt;init&gt;(AppiumCommandExecutor.java:55)&#13;
	at io.appium.java_client.AppiumDriver.&lt;init&gt;(AppiumDriver.java:131)&#13;
	at io.appium.java_client.android.AndroidDriver.&lt;init&gt;(AndroidDriver.java:97)&#13;
	at stepdefinition.TestSteps.i_want_to_launch_BabyPlus_app(TestSteps.java:24)&#13;
	at sun.reflect.NativeMethodAccessorImpl.invoke0(Native Method)&#13;
	at sun.reflect.NativeMethodAccessorImpl.invoke(NativeMethodAccessorImpl.java:62)&#13;
	at sun.reflect.DelegatingMethodAccessorImpl.invoke(DelegatingMethodAccessorImpl.java:43)&#13;
	at java.lang.reflect.Method.invoke(Method.java:498)&#13;
	at cucumber.runtime.Utils$1.call(Utils.java:40)&#13;
	at cucumber.runtime.Timeout.timeout(Timeout.java:16)&#13;
	at cucumber.runtime.Utils.invoke(Utils.java:34)&#13;
	at cucumber.runtime.java.JavaStepDefinition.execute(JavaStepDefinition.java:38)&#13;
	at cucumber.runtime.StepDefinitionMatch.runStep(StepDefinitionMatch.java:37)&#13;
	at cucumber.runtime.Runtime.runStep(Runtime.java:300)&#13;
	at cucumber.runtime.model.StepContainer.runStep(StepContainer.java:44)&#13;
	at cucumber.runtime.model.StepContainer.runSteps(StepContainer.java:39)&#13;
	at cucumber.runtime.model.CucumberScenario.run(CucumberScenario.java:44)&#13;
	at cucumber.runtime.junit.ExecutionUnitRunner.run(ExecutionUnitRunner.java:102)&#13;
	at cucumber.runtime.junit.FeatureRunner.runChild(FeatureRunner.java:63)&#13;
	at cucumber.runtime.junit.FeatureRunner.runChild(FeatureRunner.java:18)&#13;
	at org.junit.runners.ParentRunner$3.run(ParentRunner.java:290)&#13;
	at org.junit.runners.ParentRunner$1.schedule(ParentRunner.java:71)&#13;
	at org.junit.runners.ParentRunner.runChildren(ParentRunner.java:288)&#13;
	at org.junit.runners.ParentRunner.access$000(ParentRunner.java:58)&#13;
	at org.junit.runners.ParentRunner$2.evaluate(ParentRunner.java:268)&#13;
	at org.junit.runners.ParentRunner.run(ParentRunner.java:363)&#13;
	at cucumber.runtime.junit.FeatureRunner.run(FeatureRunner.java:70)&#13;
	at cucumber.api.junit.Cucumber.runChild(Cucumber.java:95)&#13;
	at cucumber.api.junit.Cucumber.runChild(Cucumber.java:38)&#13;
	at org.junit.runners.ParentRunner$3.run(ParentRunner.java:290)&#13;
	at org.junit.runners.ParentRunner$1.schedule(ParentRunner.java:71)&#13;
	at org.junit.runners.ParentRunner.runChildren(ParentRunner.java:288)&#13;
	at org.junit.runners.ParentRunner.access$000(ParentRunner.java:58)&#13;
	at org.junit.runners.ParentRunner$2.evaluate(ParentRunner.java:268)&#13;
	at org.junit.runners.ParentRunner.run(ParentRunner.java:363)&#13;
	at cucumber.api.junit.Cucumber.run(Cucumber.java:100)&#13;
	at org.junit.runner.JUnitCore.run(JUnitCore.java:137)&#13;
	at org.junit.runner.JUnitCore.run(JUnitCore.java:115)&#13;
	at org.junit.vintage.engine.execution.RunnerExecutor.execute(RunnerExecutor.java:39)&#13;
	at java.util.stream.ForEachOps$ForEachOp$OfRef.accept(ForEachOps.java:184)&#13;
	at java.util.stream.ReferencePipeline$3$1.accept(ReferencePipeline.java:193)&#13;
	at java.util.Iterator.forEachRemaining(Iterator.java:116)&#13;
	at java.util.Spliterators$IteratorSpliterator.forEachRemaining(Spliterators.java:1801)&#13;
	at java.util.stream.AbstractPipeline.copyInto(AbstractPipeline.java:481)&#13;
	at java.util.stream.AbstractPipeline.wrapAndCopyInto(AbstractPipeline.java:471)&#13;
	at java.util.stream.ForEachOps$ForEachOp.evaluateSequential(ForEachOps.java:151)&#13;
	at java.util.stream.ForEachOps$ForEachOp$OfRef.evaluateSequential(ForEachOps.java:174)&#13;
	at java.util.stream.AbstractPipeline.evaluate(AbstractPipeline.java:234)&#13;
	at java.util.stream.ReferencePipeline.forEach(ReferencePipeline.java:418)&#13;
	at org.junit.vintage.engine.VintageTestEngine.executeAllChildren(VintageTestEngine.java:79)&#13;
	at org.junit.vintage.engine.VintageTestEngine.execute(VintageTestEngine.java:70)&#13;
	at org.junit.platform.launcher.core.DefaultLauncher.execute(DefaultLauncher.java:170)&#13;
	at org.junit.platform.launcher.core.DefaultLauncher.execute(DefaultLauncher.java:154)&#13;
	at org.junit.platform.launcher.core.DefaultLauncher.execute(DefaultLauncher.java:90)&#13;
	at org.eclipse.jdt.internal.junit5.runner.JUnit5TestReference.run(JUnit5TestReference.java:86)&#13;
	at org.eclipse.jdt.internal.junit.runner.TestExecution.run(TestExecution.java:38)&#13;
	at org.eclipse.jdt.internal.junit.runner.RemoteTestRunner.runTests(RemoteTestRunner.java:538)&#13;
	at org.eclipse.jdt.internal.junit.runner.RemoteTestRunner.runTests(RemoteTestRunner.java:760)&#13;
	at org.eclipse.jdt.internal.junit.runner.RemoteTestRunner.run(RemoteTestRunner.java:460)&#13;
	at org.eclipse.jdt.internal.junit.runner.RemoteTestRunner.main(RemoteTestRunner.java:206)&#13;
&#13;
</error>
        <testcase name="Given I want to launch BabyPlus app" classname="Given I want to launch BabyPlus app" time="0.151" uniqueid="[engine:junit-vintage]/[runner:tests.TestRun]/[test:rO0ABXNyAB9naGVya2luLmZvcm1hdHRlci5tb2RlbC5GZWF0dXJlAAAAAAAAAAECAAB4cgAkZ2hlcmtpbi5mb3JtYXR0ZXIubW9kZWwuVGFnU3RhdGVtZW50AAAAAAAAAAECAAJMAAJpZHQAEkxqYXZhL2xhbmcvU3RyaW5nO0wABHRhZ3N0ABBMamF2YS91dGlsL0xpc3Q7eHIAKmdoZXJraW4uZm9ybWF0dGVyLm1vZGVsLkRlc2NyaWJlZFN0YXRlbWVudInoQ7yJkLCFAgABTAALZGVzY3JpcHRpb25xAH4AAnhyACZnaGVya2luLmZvcm1hdHRlci5tb2RlbC5CYXNpY1N0YXRlbWVudPM3wIsDVBUvAgAETAAIY29tbWVudHNxAH4AA0wAB2tleXdvcmRxAH4AAkwABGxpbmV0ABNMamF2YS9sYW5nL0ludGVnZXI7TAAEbmFtZXEAfgACeHIAGmdoZXJraW4uZm9ybWF0dGVyLk1hcHBhYmxl42CLFPnowjUCAAB4cHNyABNqYXZhLnV0aWwuQXJyYXlMaXN0eIHSHZnHYZ0DAAFJAARzaXpleHAAAAAAdwQAAAAAeHQAB0ZlYXR1cmVzcgARamF2YS5sYW5nLkludGVnZXIS4qCk94GHOAIAAUkABXZhbHVleHIAEGphdmEubGFuZy5OdW1iZXKGrJUdC5TgiwIAAHhwAAAAA3QACEJhYnlQbHVzdAAvSSB3YW50IHRvIHVzZSB0aGlzIHRlbXBsYXRlIGZvciBteSBmZWF0dXJlIGZpbGV0AAhiYWJ5cGx1c3NxAH4ACQAAAAB3BAAAAAB4]/[test:rO0ABXNyACBnaGVya2luLmZvcm1hdHRlci5tb2RlbC5TY2VuYXJpbwAAAAAAAAABAgABTAAEdHlwZXQAEkxqYXZhL2xhbmcvU3RyaW5nO3hyACRnaGVya2luLmZvcm1hdHRlci5tb2RlbC5UYWdTdGF0ZW1lbnQAAAAAAAAAAQIAAkwAAmlkcQB%2BAAFMAAR0YWdzdAAQTGphdmEvdXRpbC9MaXN0O3hyACpnaGVya2luLmZvcm1hdHRlci5tb2RlbC5EZXNjcmliZWRTdGF0ZW1lbnSJ6EO8iZCwhQIAAUwAC2Rlc2NyaXB0aW9ucQB%2BAAF4cgAmZ2hlcmtpbi5mb3JtYXR0ZXIubW9kZWwuQmFzaWNTdGF0ZW1lbnTzN8CLA1QVLwIABEwACGNvbW1lbnRzcQB%2BAANMAAdrZXl3b3JkcQB%2BAAFMAARsaW5ldAATTGphdmEvbGFuZy9JbnRlZ2VyO0wABG5hbWVxAH4AAXhyABpnaGVya2luLmZvcm1hdHRlci5NYXBwYWJsZeNgixT56MI1AgAAeHBzcgATamF2YS51dGlsLkFycmF5TGlzdHiB0h2Zx2GdAwABSQAEc2l6ZXhwAAAAAHcEAAAAAHh0AAhTY2VuYXJpb3NyABFqYXZhLmxhbmcuSW50ZWdlchLioKT3gYc4AgABSQAFdmFsdWV4cgAQamF2YS5sYW5nLk51bWJlcoaslR0LlOCLAgAAeHAAAAAGdAAGTGF1bmNodAAAdAAPYmFieXBsdXM7bGF1bmNoc3EAfgAJAAAAAHcEAAAAAHh0AAhzY2VuYXJpbw==]/[test:rO0ABXNyABxnaGVya2luLmZvcm1hdHRlci5tb2RlbC5TdGVwAAAAAAAAAAECAAJMAApkb2Nfc3RyaW5ndAAjTGdoZXJraW4vZm9ybWF0dGVyL21vZGVsL0RvY1N0cmluZztMAARyb3dzdAAQTGphdmEvdXRpbC9MaXN0O3hyACZnaGVya2luLmZvcm1hdHRlci5tb2RlbC5CYXNpY1N0YXRlbWVudPM3wIsDVBUvAgAETAAIY29tbWVudHNxAH4AAkwAB2tleXdvcmR0ABJMamF2YS9sYW5nL1N0cmluZztMAARsaW5ldAATTGphdmEvbGFuZy9JbnRlZ2VyO0wABG5hbWVxAH4ABHhyABpnaGVya2luLmZvcm1hdHRlci5NYXBwYWJsZeNgixT56MI1AgAAeHBzcgATamF2YS51dGlsLkFycmF5TGlzdHiB0h2Zx2GdAwABSQAEc2l6ZXhwAAAAAHcEAAAAAHh0AAZHaXZlbiBzcgARamF2YS5sYW5nLkludGVnZXIS4qCk94GHOAIAAUkABXZhbHVleHIAEGphdmEubGFuZy5OdW1iZXKGrJUdC5TgiwIAAHhwAAAAB3QAHUkgd2FudCB0byBsYXVuY2ggQmFieVBsdXMgYXBwcHA=]">
          <error>java.lang.NoClassDefFoundError: org/openqa/selenium/remote/internal/ApacheHttpClient$Factory&#13;
	at io.appium.java_client.remote.AppiumCommandExecutor.&lt;init&gt;(AppiumCommandExecutor.java:55)&#13;
	at io.appium.java_client.AppiumDriver.&lt;init&gt;(AppiumDriver.java:131)&#13;
	at io.appium.java_client.android.AndroidDriver.&lt;init&gt;(AndroidDriver.java:97)&#13;
	at stepdefinition.TestSteps.i_want_to_launch_BabyPlus_app(TestSteps.java:24)&#13;
	at ✽.Given I want to launch BabyPlus app(BabyPlus.feature:7)&#13;
Caused by: java.lang.ClassNotFoundException: org.openqa.selenium.remote.internal.ApacheHttpClient$Factory&#13;
	at java.net.URLClassLoader.findClass(URLClassLoader.java:381)&#13;
	at java.lang.ClassLoader.loadClass(ClassLoader.java:424)&#13;
	at sun.misc.Launcher$AppClassLoader.loadClass(Launcher.java:331)&#13;
	at java.lang.ClassLoader.loadClass(ClassLoader.java:357)&#13;
	at io.appium.java_client.remote.AppiumCommandExecutor.&lt;init&gt;(AppiumCommandExecutor.java:55)&#13;
	at io.appium.java_client.AppiumDriver.&lt;init&gt;(AppiumDriver.java:131)&#13;
	at io.appium.java_client.android.AndroidDriver.&lt;init&gt;(AndroidDriver.java:97)&#13;
	at stepdefinition.TestSteps.i_want_to_launch_BabyPlus_app(TestSteps.java:24)&#13;
	at sun.reflect.NativeMethodAccessorImpl.invoke0(Native Method)&#13;
	at sun.reflect.NativeMethodAccessorImpl.invoke(NativeMethodAccessorImpl.java:62)&#13;
	at sun.reflect.DelegatingMethodAccessorImpl.invoke(DelegatingMethodAccessorImpl.java:43)&#13;
	at java.lang.reflect.Method.invoke(Method.java:498)&#13;
	at cucumber.runtime.Utils$1.call(Utils.java:40)&#13;
	at cucumber.runtime.Timeout.timeout(Timeout.java:16)&#13;
	at cucumber.runtime.Utils.invoke(Utils.java:34)&#13;
	at cucumber.runtime.java.JavaStepDefinition.execute(JavaStepDefinition.java:38)&#13;
	at cucumber.runtime.StepDefinitionMatch.runStep(StepDefinitionMatch.java:37)&#13;
	at cucumber.runtime.Runtime.runStep(Runtime.java:300)&#13;
	at cucumber.runtime.model.StepContainer.runStep(StepContainer.java:44)&#13;
	at cucumber.runtime.model.StepContainer.runSteps(StepContainer.java:39)&#13;
	at cucumber.runtime.model.CucumberScenario.run(CucumberScenario.java:44)&#13;
	at cucumber.runtime.junit.ExecutionUnitRunner.run(ExecutionUnitRunner.java:102)&#13;
	at cucumber.runtime.junit.FeatureRunner.runChild(FeatureRunner.java:63)&#13;
	at cucumber.runtime.junit.FeatureRunner.runChild(FeatureRunner.java:18)&#13;
	at org.junit.runners.ParentRunner$3.run(ParentRunner.java:290)&#13;
	at org.junit.runners.ParentRunner$1.schedule(ParentRunner.java:71)&#13;
	at org.junit.runners.ParentRunner.runChildren(ParentRunner.java:288)&#13;
	at org.junit.runners.ParentRunner.access$000(ParentRunner.java:58)&#13;
	at org.junit.runners.ParentRunner$2.evaluate(ParentRunner.java:268)&#13;
	at org.junit.runners.ParentRunner.run(ParentRunner.java:363)&#13;
	at cucumber.runtime.junit.FeatureRunner.run(FeatureRunner.java:70)&#13;
	at cucumber.api.junit.Cucumber.runChild(Cucumber.java:95)&#13;
	at cucumber.api.junit.Cucumber.runChild(Cucumber.java:38)&#13;
	at org.junit.runners.ParentRunner$3.run(ParentRunner.java:290)&#13;
	at org.junit.runners.ParentRunner$1.schedule(ParentRunner.java:71)&#13;
	at org.junit.runners.ParentRunner.runChildren(ParentRunner.java:288)&#13;
	at org.junit.runners.ParentRunner.access$000(ParentRunner.java:58)&#13;
	at org.junit.runners.ParentRunner$2.evaluate(ParentRunner.java:268)&#13;
	at org.junit.runners.ParentRunner.run(ParentRunner.java:363)&#13;
	at cucumber.api.junit.Cucumber.run(Cucumber.java:100)&#13;
	at org.junit.runner.JUnitCore.run(JUnitCore.java:137)&#13;
	at org.junit.runner.JUnitCore.run(JUnitCore.java:115)&#13;
	at org.junit.vintage.engine.execution.RunnerExecutor.execute(RunnerExecutor.java:39)&#13;
	at java.util.stream.ForEachOps$ForEachOp$OfRef.accept(ForEachOps.java:184)&#13;
	at java.util.stream.ReferencePipeline$3$1.accept(ReferencePipeline.java:193)&#13;
	at java.util.Iterator.forEachRemaining(Iterator.java:116)&#13;
	at java.util.Spliterators$IteratorSpliterator.forEachRemaining(Spliterators.java:1801)&#13;
	at java.util.stream.AbstractPipeline.copyInto(AbstractPipeline.java:481)&#13;
	at java.util.stream.AbstractPipeline.wrapAndCopyInto(AbstractPipeline.java:471)&#13;
	at java.util.stream.ForEachOps$ForEachOp.evaluateSequential(ForEachOps.java:151)&#13;
	at java.util.stream.ForEachOps$ForEachOp$OfRef.evaluateSequential(ForEachOps.java:174)&#13;
	at java.util.stream.AbstractPipeline.evaluate(AbstractPipeline.java:234)&#13;
	at java.util.stream.ReferencePipeline.forEach(ReferencePipeline.java:418)&#13;
	at org.junit.vintage.engine.VintageTestEngine.executeAllChildren(VintageTestEngine.java:79)&#13;
	at org.junit.vintage.engine.VintageTestEngine.execute(VintageTestEngine.java:70)&#13;
	at org.junit.platform.launcher.core.DefaultLauncher.execute(DefaultLauncher.java:170)&#13;
	at org.junit.platform.launcher.core.DefaultLauncher.execute(DefaultLauncher.java:154)&#13;
	at org.junit.platform.launcher.core.DefaultLauncher.execute(DefaultLauncher.java:90)&#13;
	at org.eclipse.jdt.internal.junit5.runner.JUnit5TestReference.run(JUnit5TestReference.java:86)&#13;
	at org.eclipse.jdt.internal.junit.runner.TestExecution.run(TestExecution.java:38)&#13;
	at org.eclipse.jdt.internal.junit.runner.RemoteTestRunner.runTests(RemoteTestRunner.java:538)&#13;
	at org.eclipse.jdt.internal.junit.runner.RemoteTestRunner.runTests(RemoteTestRunner.java:760)&#13;
	at org.eclipse.jdt.internal.junit.runner.RemoteTestRunner.run(RemoteTestRunner.java:460)&#13;
	at org.eclipse.jdt.internal.junit.runner.RemoteTestRunner.main(RemoteTestRunner.java:206)&#13;
&#13;
</error>
        </testcase>
      </testsuite>
    </testsuite>
  </testsuite>
</testrun>
